<?xml version="1.0" encoding="UTF-8"?>
<!-- Generated by org.testng.reporters.JUnitXMLReporter -->
<testsuite ignored="3" hostname="ABCNBK275" failures="1" tests="1" name="Default test(failed)" time="0.085" errors="0" timestamp="2022-02-09T14:04:16 ART">
  <testcase classname="Zippopotamus.GetPostalDataTests" name="CodesWithDifferentFirstDigitsShouldBeFromDifferentStates" time="0.013">
    <failure type="java.util.UnknownFormatConversionException" message="Conversion = &amp;apos;i&amp;apos;">
      <![CDATA[java.util.UnknownFormatConversionException: Conversion = 'i'
at java.base/java.util.Formatter$FormatSpecifier.conversion(Formatter.java:2855)
at java.base/java.util.Formatter$FormatSpecifier.<init>(Formatter.java:2891)
at java.base/java.util.Formatter.parse(Formatter.java:2747)
at java.base/java.util.Formatter.format(Formatter.java:2671)
at java.base/java.util.Formatter.format(Formatter.java:2625)
at java.base/java.lang.String.format(String.java:4140)
at Zippopotamus.Zippopotatamus.GetPostalData(Zippopotatamus.java:12)
at Zippopotamus.GetPostalDataTests.CodesWithDifferentFirstDigitsShouldBeFromDifferentStates(GetPostalDataTests.java:31)
at java.base/java.util.ArrayList.forEach(ArrayList.java:1511)
... Removed 27 stack frames]]>
    </failure>
  </testcase> <!-- CodesWithDifferentFirstDigitsShouldBeFromDifferentStates -->
  <testcase classname="Zippopotamus.GetPostalDataTests" name="CodesWithEqualFirstThreeDigitsShouldBeFromSameCities" time="0.0">
    <ignored/>
  </testcase> <!-- CodesWithEqualFirstThreeDigitsShouldBeFromSameCities -->
  <testcase classname="Zippopotamus.GetPostalDataTests" name="CodesWithDifferentSecondDigitsShouldBeFromDifferentCities" time="0.0">
    <ignored/>
  </testcase> <!-- CodesWithDifferentSecondDigitsShouldBeFromDifferentCities -->
  <testcase classname="Zippopotamus.GetPostalDataTests" name="CodesWithEqualFirstThreeDigitsDifferentLastTwoDigitsShouldBeFromSameCitiesDifferentLatitudes" time="0.0">
    <ignored/>
  </testcase> <!-- CodesWithEqualFirstThreeDigitsDifferentLastTwoDigitsShouldBeFromSameCitiesDifferentLatitudes -->
</testsuite> <!-- Default test(failed) -->
