<?xml version="1.0" encoding="UTF-8"?>
<!-- Generated by org.testng.reporters.JUnitXMLReporter -->
<testsuite ignored="0" hostname="ABCNBK275" failures="0" tests="3" name="Default test" time="6.27" errors="0" timestamp="2022-02-09T16:46:20 ART">
  <testcase classname="Zippopotamus.GetPostalDataTests" name="CodesWithDifferentFirstDigitsShouldBeFromDifferentStates" time="3.034"/>
  <testcase classname="Zippopotamus.GetPostalDataTests" name="CodesWithDifferentSecondDigitsShouldBeFromDifferentCities" time="1.844"/>
  <testcase classname="Zippopotamus.GetPostalDataTests" name="CodesWithEqualFirstThreeDigitsShouldBeFromSameCities" time="1.357"/>
</testsuite> <!-- Default test -->
