<?xml version="1.0" encoding="UTF-8"?>
<!-- Generated by org.testng.reporters.JUnitXMLReporter -->
<testsuite ignored="0" hostname="ABCNBK275" failures="0" tests="4" name="Default test" time="3.657" errors="0" timestamp="2022-02-09T16:07:52 ART">
  <testcase classname="Zippopotamus.GetPostalDataTests" name="CodesWithDifferentFirstDigitsShouldBeFromDifferentStates" time="2.689"/>
  <testcase classname="Zippopotamus.GetPostalDataTests" name="CodesWithDifferentSecondDigitsShouldBeFromDifferentCities" time="0.921"/>
  <testcase classname="Zippopotamus.GetPostalDataTests" name="CodesWithEqualFirstThreeDigitsDifferentLastTwoDigitsShouldBeFromSameCitiesDifferentLatitudes" time="0.001"/>
  <testcase classname="Zippopotamus.GetPostalDataTests" name="CodesWithEqualFirstThreeDigitsShouldBeFromSameCities" time="0.001"/>
</testsuite> <!-- Default test -->
