<?xml version="1.0" encoding="UTF-8"?>
<testng-results ignored="0" total="3" passed="3" failed="0" skipped="0">
  <reporter-output>
  </reporter-output>
  <suite started-at="2022-02-09T16:46:14 ART" name="Default suite" finished-at="2022-02-09T16:46:20 ART" duration-ms="6270">
    <groups>
    </groups>
    <test started-at="2022-02-09T16:46:14 ART" name="Default test" finished-at="2022-02-09T16:46:20 ART" duration-ms="6270">
      <class name="Zippopotamus.GetPostalDataTests">
        <test-method signature="CodesWithDifferentFirstDigitsShouldBeFromDifferentStates()[pri:0, instance:Zippopotamus.GetPostalDataTests@50b5ac82]" started-at="2022-02-09T16:46:14 ART" name="CodesWithDifferentFirstDigitsShouldBeFromDifferentStates" finished-at="2022-02-09T16:46:17 ART" duration-ms="3034" status="PASS">
          <reporter-output>
          </reporter-output>
        </test-method> <!-- CodesWithDifferentFirstDigitsShouldBeFromDifferentStates -->
        <test-method signature="CodesWithDifferentSecondDigitsShouldBeFromDifferentCities()[pri:0, instance:Zippopotamus.GetPostalDataTests@50b5ac82]" started-at="2022-02-09T16:46:17 ART" name="CodesWithDifferentSecondDigitsShouldBeFromDifferentCities" finished-at="2022-02-09T16:46:18 ART" duration-ms="1844" status="PASS">
          <reporter-output>
          </reporter-output>
        </test-method> <!-- CodesWithDifferentSecondDigitsShouldBeFromDifferentCities -->
        <test-method signature="CodesWithEqualFirstThreeDigitsShouldBeFromSameCities()[pri:0, instance:Zippopotamus.GetPostalDataTests@50b5ac82]" started-at="2022-02-09T16:46:18 ART" name="CodesWithEqualFirstThreeDigitsShouldBeFromSameCities" finished-at="2022-02-09T16:46:20 ART" duration-ms="1357" status="PASS">
          <reporter-output>
          </reporter-output>
        </test-method> <!-- CodesWithEqualFirstThreeDigitsShouldBeFromSameCities -->
      </class> <!-- Zippopotamus.GetPostalDataTests -->
    </test> <!-- Default test -->
  </suite> <!-- Default suite -->
</testng-results>
