<?xml version="1.0" encoding="UTF-8"?>
<testng-results ignored="0" total="4" passed="4" failed="0" skipped="0">
  <reporter-output>
  </reporter-output>
  <suite started-at="2022-02-09T16:07:49 ART" name="Default suite" finished-at="2022-02-09T16:07:52 ART" duration-ms="3657">
    <groups>
    </groups>
    <test started-at="2022-02-09T16:07:49 ART" name="Default test" finished-at="2022-02-09T16:07:52 ART" duration-ms="3657">
      <class name="Zippopotamus.GetPostalDataTests">
        <test-method signature="CodesWithDifferentFirstDigitsShouldBeFromDifferentStates()[pri:0, instance:Zippopotamus.GetPostalDataTests@5f9b2141]" started-at="2022-02-09T16:07:49 ART" name="CodesWithDifferentFirstDigitsShouldBeFromDifferentStates" finished-at="2022-02-09T16:07:51 ART" duration-ms="2689" status="PASS">
          <reporter-output>
          </reporter-output>
        </test-method> <!-- CodesWithDifferentFirstDigitsShouldBeFromDifferentStates -->
        <test-method signature="CodesWithDifferentSecondDigitsShouldBeFromDifferentCities()[pri:0, instance:Zippopotamus.GetPostalDataTests@5f9b2141]" started-at="2022-02-09T16:07:51 ART" name="CodesWithDifferentSecondDigitsShouldBeFromDifferentCities" finished-at="2022-02-09T16:07:52 ART" duration-ms="921" status="PASS">
          <reporter-output>
          </reporter-output>
        </test-method> <!-- CodesWithDifferentSecondDigitsShouldBeFromDifferentCities -->
        <test-method signature="CodesWithEqualFirstThreeDigitsDifferentLastTwoDigitsShouldBeFromSameCitiesDifferentLatitudes()[pri:0, instance:Zippopotamus.GetPostalDataTests@5f9b2141]" started-at="2022-02-09T16:07:52 ART" name="CodesWithEqualFirstThreeDigitsDifferentLastTwoDigitsShouldBeFromSameCitiesDifferentLatitudes" finished-at="2022-02-09T16:07:52 ART" duration-ms="1" status="PASS">
          <reporter-output>
          </reporter-output>
        </test-method> <!-- CodesWithEqualFirstThreeDigitsDifferentLastTwoDigitsShouldBeFromSameCitiesDifferentLatitudes -->
        <test-method signature="CodesWithEqualFirstThreeDigitsShouldBeFromSameCities()[pri:0, instance:Zippopotamus.GetPostalDataTests@5f9b2141]" started-at="2022-02-09T16:07:52 ART" name="CodesWithEqualFirstThreeDigitsShouldBeFromSameCities" finished-at="2022-02-09T16:07:52 ART" duration-ms="1" status="PASS">
          <reporter-output>
          </reporter-output>
        </test-method> <!-- CodesWithEqualFirstThreeDigitsShouldBeFromSameCities -->
      </class> <!-- Zippopotamus.GetPostalDataTests -->
    </test> <!-- Default test -->
  </suite> <!-- Default suite -->
</testng-results>
